c:\users\simon c\documents\visual studio 2015\projects\first_project\first_project\debug\vc140.pdb
c:\users\simon c\documents\visual studio 2015\projects\first_project\first_project\debug\vc140.idb
c:\users\simon c\documents\visual studio 2015\projects\first_project\first_project\debug\allocatehierarchy.obj
c:\users\simon c\documents\visual studio 2015\projects\first_project\first_project\debug\billboard.obj
c:\users\simon c\documents\visual studio 2015\projects\first_project\first_project\debug\camera.obj
c:\users\simon c\documents\visual studio 2015\projects\first_project\first_project\debug\d3dutility.obj
c:\users\simon c\documents\visual studio 2015\projects\first_project\first_project\debug\input.obj
c:\users\simon c\documents\visual studio 2015\projects\first_project\first_project\debug\myfirst_project.obj
c:\users\simon c\documents\visual studio 2015\projects\first_project\first_project\debug\rain.obj
c:\users\simon c\documents\visual studio 2015\projects\first_project\first_project\debug\rainparticle.obj
c:\users\simon c\documents\visual studio 2015\projects\first_project\first_project\debug\skinmesh.obj
c:\users\simon c\documents\visual studio 2015\projects\first_project\first_project\debug\skybox.obj
c:\users\simon c\documents\visual studio 2015\projects\first_project\first_project\debug\sound.obj
c:\users\simon c\documents\visual studio 2015\projects\first_project\first_project\debug\sprite.obj
c:\users\simon c\documents\visual studio 2015\projects\first_project\first_project\debug\terrain.obj
c:\users\simon c\documents\visual studio 2015\projects\first_project\debug\first_project.ilk
c:\users\simon c\documents\visual studio 2015\projects\first_project\debug\first_project.exe
c:\users\simon c\documents\visual studio 2015\projects\first_project\debug\first_project.pdb
c:\users\simon c\documents\visual studio 2015\projects\first_project\first_project\debug\first_project.tlog\cl.command.1.tlog
c:\users\simon c\documents\visual studio 2015\projects\first_project\first_project\debug\first_project.tlog\cl.read.1.tlog
c:\users\simon c\documents\visual studio 2015\projects\first_project\first_project\debug\first_project.tlog\cl.write.1.tlog
c:\users\simon c\documents\visual studio 2015\projects\first_project\first_project\debug\first_project.tlog\link.command.1.tlog
c:\users\simon c\documents\visual studio 2015\projects\first_project\first_project\debug\first_project.tlog\link.read.1.tlog
c:\users\simon c\documents\visual studio 2015\projects\first_project\first_project\debug\first_project.tlog\link.write.1.tlog
